<?xml version="1.0" encoding="UTF-8"?>
<coverage generated="1708094758748" clover="3.2.0">
  <project timestamp="1708094758748" name="All files">
    <metrics statements="97" coveredstatements="96" conditionals="21" coveredconditionals="17" methods="17" coveredmethods="17" elements="135" coveredelements="130" complexity="0" loc="97" ncloc="97" packages="1" files="1" classes="1"/>
    <file name="index.ts" path="/Users/mgruber/git/libs/blurhash-to-gradient/src/index.ts">
      <metrics statements="97" coveredstatements="96" conditionals="21" coveredconditionals="17" methods="17" coveredmethods="17"/>
      <line num="1" count="1" type="stmt"/>
      <line num="2" count="186" type="stmt"/>
      <line num="3" count="186" type="stmt"/>
      <line num="4" count="350" type="stmt"/>
      <line num="92" count="186" type="stmt"/>
      <line num="95" count="1" type="stmt"/>
      <line num="96" count="30" type="stmt"/>
      <line num="97" count="30" type="cond" truecount="2" falsecount="0"/>
      <line num="100" count="1" type="stmt"/>
      <line num="101" count="459" type="stmt"/>
      <line num="102" count="459" type="stmt"/>
      <line num="103" count="459" type="stmt"/>
      <line num="104" count="459" type="stmt"/>
      <line num="105" count="459" type="stmt"/>
      <line num="110" count="1" type="stmt"/>
      <line num="112" count="1" type="cond" truecount="1" falsecount="1"/>
      <line num="113" count="1" type="stmt"/>
      <line num="114" count="1" type="stmt"/>
      <line num="116" count="1" type="stmt"/>
      <line num="118" count="1" type="stmt"/>
      <line num="119" count="11" type="cond" truecount="2" falsecount="1"/>
      <line num="120" count="0" type="stmt"/>
      <line num="125" count="11" type="stmt"/>
      <line num="126" count="11" type="stmt"/>
      <line num="128" count="11" type="cond" truecount="1" falsecount="0"/>
      <line num="129" count="1" type="stmt"/>
      <line num="137" count="1" type="stmt"/>
      <line num="138" count="10" type="stmt"/>
      <line num="139" count="10" type="stmt"/>
      <line num="140" count="10" type="stmt"/>
      <line num="141" count="10" type="stmt"/>
      <line num="144" count="1" type="stmt"/>
      <line num="145" count="134" type="stmt"/>
      <line num="146" count="134" type="stmt"/>
      <line num="147" count="134" type="stmt"/>
      <line num="148" count="134" type="stmt"/>
      <line num="151" count="134" type="stmt"/>
      <line num="152" count="402" type="cond" truecount="2" falsecount="0"/>
      <line num="153" count="402" type="stmt"/>
      <line num="154" count="402" type="stmt"/>
      <line num="157" count="134" type="stmt"/>
      <line num="159" count="134" type="stmt"/>
      <line num="162" count="1" type="stmt"/>
      <line num="166" count="20" type="cond" truecount="1" falsecount="0"/>
      <line num="168" count="10" type="stmt"/>
      <line num="169" count="10" type="stmt"/>
      <line num="170" count="10" type="stmt"/>
      <line num="172" count="10" type="stmt"/>
      <line num="173" count="10" type="stmt"/>
      <line num="175" count="10" type="stmt"/>
      <line num="176" count="144" type="cond" truecount="2" falsecount="0"/>
      <line num="184" count="10" type="stmt"/>
      <line num="185" count="10" type="stmt"/>
      <line num="187" count="10" type="stmt"/>
      <line num="188" count="160" type="stmt"/>
      <line num="190" count="10" type="stmt"/>
      <line num="191" count="35" type="stmt"/>
      <line num="192" count="129" type="stmt"/>
      <line num="196" count="10" type="stmt"/>
      <line num="197" count="35" type="stmt"/>
      <line num="198" count="153" type="stmt"/>
      <line num="199" count="153" type="stmt"/>
      <line num="200" count="153" type="stmt"/>
      <line num="202" count="153" type="stmt"/>
      <line num="203" count="567" type="stmt"/>
      <line num="204" count="2268" type="stmt"/>
      <line num="205" count="2268" type="stmt"/>
      <line num="206" count="2268" type="stmt"/>
      <line num="207" count="2268" type="stmt"/>
      <line num="208" count="2268" type="stmt"/>
      <line num="212" count="153" type="stmt"/>
      <line num="213" count="153" type="stmt"/>
      <line num="214" count="153" type="stmt"/>
      <line num="215" count="153" type="stmt"/>
      <line num="216" count="153" type="stmt"/>
      <line num="219" count="10" type="stmt"/>
      <line num="222" count="1" type="stmt"/>
      <line num="227" count="10" type="stmt"/>
      <line num="228" count="10" type="stmt"/>
      <line num="229" count="10" type="stmt"/>
      <line num="231" count="10" type="stmt"/>
      <line num="232" count="153" type="stmt"/>
      <line num="233" count="153" type="stmt"/>
      <line num="236" count="153" type="cond" truecount="2" falsecount="0"/>
      <line num="238" count="153" type="cond" truecount="2" falsecount="0"/>
      <line num="240" count="153" type="stmt"/>
      <line num="241" count="153" type="stmt"/>
      <line num="242" count="153" type="stmt"/>
      <line num="245" count="153" type="stmt"/>
      <line num="254" count="153" type="stmt"/>
      <line num="257" count="10" type="stmt"/>
      <line num="285" count="1" type="stmt"/>
      <line num="287" count="11" type="cond" truecount="0" falsecount="1"/>
      <line num="288" count="11" type="cond" truecount="0" falsecount="1"/>
      <line num="290" count="11" type="stmt"/>
      <line num="291" count="10" type="stmt"/>
      <line num="292" count="10" type="stmt"/>
    </file>
  </project>
</coverage>
