{"/Users/mgruber/git/libs/blurhash-to-gradient/src/index.ts": {"path":"/Users/mgruber/git/libs/blurhash-to-gradient/src/index.ts","statementMap":{"0":{"start":{"line":1,"column":24},"end":{"line":93,"column":1}},"1":{"start":{"line":2,"column":14},"end":{"line":2,"column":15}},"2":{"start":{"line":3,"column":2},"end":{"line":91,"column":null}},"3":{"start":{"line":3,"column":15},"end":{"line":3,"column":16}},"4":{"start":{"line":4,"column":4},"end":{"line":90,"column":24}},"5":{"start":{"line":92,"column":2},"end":{"line":92,"column":15}},"6":{"start":{"line":1,"column":13},"end":{"line":1,"column":24}},"7":{"start":{"line":95,"column":28},"end":{"line":98,"column":1}},"8":{"start":{"line":96,"column":12},"end":{"line":96,"column":23}},"9":{"start":{"line":97,"column":2},"end":{"line":97,"column":65}},"10":{"start":{"line":95,"column":13},"end":{"line":95,"column":28}},"11":{"start":{"line":100,"column":28},"end":{"line":108,"column":1}},"12":{"start":{"line":101,"column":12},"end":{"line":101,"column":43}},"13":{"start":{"line":102,"column":12},"end":{"line":102,"column":17}},"14":{"start":{"line":103,"column":8},"end":{"line":103,"column":13}},"15":{"start":{"line":104,"column":12},"end":{"line":104,"column":19}},"16":{"start":{"line":105,"column":2},"end":{"line":107,"column":4}},"17":{"start":{"line":100,"column":13},"end":{"line":100,"column":28}},"18":{"start":{"line":110,"column":0},"end":{"line":110,"column":null}},"19":{"start":{"line":110,"column":42},"end":{"line":110,"column":47}},"20":{"start":{"line":112,"column":4},"end":{"line":112,"column":null}},"21":{"start":{"line":113,"column":4},"end":{"line":113,"column":39}},"22":{"start":{"line":114,"column":4},"end":{"line":114,"column":27}},"23":{"start":{"line":116,"column":0},"end":{"line":116,"column":null}},"24":{"start":{"line":110,"column":13},"end":{"line":110,"column":33}},"25":{"start":{"line":118,"column":25},"end":{"line":135,"column":1}},"26":{"start":{"line":119,"column":2},"end":{"line":123,"column":null}},"27":{"start":{"line":120,"column":4},"end":{"line":122,"column":6}},"28":{"start":{"line":125,"column":15},"end":{"line":125,"column":56}},"29":{"start":{"line":126,"column":15},"end":{"line":126,"column":46}},"30":{"start":{"line":128,"column":2},"end":{"line":134,"column":null}},"31":{"start":{"line":129,"column":4},"end":{"line":133,"column":6}},"32":{"start":{"line":137,"column":17},"end":{"line":142,"column":1}},"33":{"start":{"line":138,"column":15},"end":{"line":138,"column":26}},"34":{"start":{"line":139,"column":15},"end":{"line":139,"column":33}},"35":{"start":{"line":140,"column":15},"end":{"line":140,"column":26}},"36":{"start":{"line":141,"column":2},"end":{"line":141,"column":70}},"37":{"start":{"line":144,"column":17},"end":{"line":160,"column":1}},"38":{"start":{"line":145,"column":18},"end":{"line":145,"column":25}},"39":{"start":{"line":146,"column":17},"end":{"line":146,"column":44}},"40":{"start":{"line":147,"column":17},"end":{"line":147,"column":44}},"41":{"start":{"line":148,"column":17},"end":{"line":148,"column":27}},"42":{"start":{"line":151,"column":22},"end":{"line":155,"column":3}},"43":{"start":{"line":152,"column":17},"end":{"line":152,"column":39}},"44":{"start":{"line":153,"column":23},"end":{"line":153,"column":38}},"45":{"start":{"line":154,"column":4},"end":{"line":154,"column":57}},"46":{"start":{"line":157,"column":14},"end":{"line":157,"column":77}},"47":{"start":{"line":159,"column":2},"end":{"line":159,"column":13}},"48":{"start":{"line":162,"column":30},"end":{"line":220,"column":1}},"49":{"start":{"line":166,"column":2},"end":{"line":166,"column":null}},"50":{"start":{"line":168,"column":19},"end":{"line":168,"column":40}},"51":{"start":{"line":169,"column":15},"end":{"line":169,"column":43}},"52":{"start":{"line":170,"column":15},"end":{"line":170,"column":33}},"53":{"start":{"line":172,"column":32},"end":{"line":172,"column":53}},"54":{"start":{"line":173,"column":23},"end":{"line":173,"column":66}},"55":{"start":{"line":175,"column":17},"end":{"line":181,"column":null}},"56":{"start":{"line":176,"column":4},"end":{"line":181,"column":null}},"57":{"start":{"line":184,"column":22},"end":{"line":184,"column":31}},"58":{"start":{"line":185,"column":17},"end":{"line":185,"column":60}},"59":{"start":{"line":187,"column":15},"end":{"line":188,"column":null}},"60":{"start":{"line":188,"column":4},"end":{"line":188,"column":null}},"61":{"start":{"line":188,"column":44},"end":{"line":188,"column":80}},"62":{"start":{"line":190,"column":15},"end":{"line":193,"column":null}},"63":{"start":{"line":191,"column":4},"end":{"line":193,"column":null}},"64":{"start":{"line":192,"column":6},"end":{"line":192,"column":null}},"65":{"start":{"line":196,"column":2},"end":{"line":218,"column":null}},"66":{"start":{"line":196,"column":15},"end":{"line":196,"column":16}},"67":{"start":{"line":197,"column":4},"end":{"line":217,"column":null}},"68":{"start":{"line":197,"column":17},"end":{"line":197,"column":18}},"69":{"start":{"line":198,"column":14},"end":{"line":198,"column":15}},"70":{"start":{"line":199,"column":12},"end":{"line":199,"column":13}},"71":{"start":{"line":200,"column":12},"end":{"line":200,"column":13}},"72":{"start":{"line":202,"column":6},"end":{"line":210,"column":null}},"73":{"start":{"line":202,"column":19},"end":{"line":202,"column":20}},"74":{"start":{"line":203,"column":8},"end":{"line":209,"column":null}},"75":{"start":{"line":203,"column":21},"end":{"line":203,"column":22}},"76":{"start":{"line":204,"column":24},"end":{"line":204,"column":47}},"77":{"start":{"line":205,"column":24},"end":{"line":205,"column":44}},"78":{"start":{"line":206,"column":10},"end":{"line":206,"column":32}},"79":{"start":{"line":207,"column":10},"end":{"line":207,"column":32}},"80":{"start":{"line":208,"column":10},"end":{"line":208,"column":32}},"81":{"start":{"line":212,"column":21},"end":{"line":212,"column":44}},"82":{"start":{"line":213,"column":6},"end":{"line":213,"column":39}},"83":{"start":{"line":214,"column":6},"end":{"line":214,"column":43}},"84":{"start":{"line":215,"column":6},"end":{"line":215,"column":43}},"85":{"start":{"line":216,"column":6},"end":{"line":216,"column":31}},"86":{"start":{"line":219,"column":2},"end":{"line":219,"column":16}},"87":{"start":{"line":162,"column":13},"end":{"line":162,"column":30}},"88":{"start":{"line":227,"column":16},"end":{"line":227,"column":18}},"89":{"start":{"line":228,"column":22},"end":{"line":228,"column":33}},"90":{"start":{"line":229,"column":22},"end":{"line":229,"column":30}},"91":{"start":{"line":231,"column":2},"end":{"line":255,"column":null}},"92":{"start":{"line":231,"column":15},"end":{"line":231,"column":16}},"93":{"start":{"line":231,"column":22},"end":{"line":231,"column":23}},"94":{"start":{"line":232,"column":16},"end":{"line":232,"column":27}},"95":{"start":{"line":233,"column":16},"end":{"line":233,"column":39}},"96":{"start":{"line":236,"column":6},"end":{"line":236,"column":65}},"97":{"start":{"line":238,"column":6},"end":{"line":238,"column":65}},"98":{"start":{"line":240,"column":14},"end":{"line":240,"column":53}},"99":{"start":{"line":241,"column":14},"end":{"line":241,"column":57}},"100":{"start":{"line":242,"column":14},"end":{"line":242,"column":57}},"101":{"start":{"line":245,"column":6},"end":{"line":253,"column":23}},"102":{"start":{"line":254,"column":4},"end":{"line":254,"column":22}},"103":{"start":{"line":257,"column":2},"end":{"line":257,"column":15}},"104":{"start":{"line":222,"column":0},"end":{"line":222,"column":16}},"105":{"start":{"line":287,"column":2},"end":{"line":287,"column":null}},"106":{"start":{"line":288,"column":2},"end":{"line":288,"column":null}},"107":{"start":{"line":290,"column":2},"end":{"line":290,"column":29}},"108":{"start":{"line":291,"column":17},"end":{"line":291,"column":56}},"109":{"start":{"line":292,"column":2},"end":{"line":292,"column":63}},"110":{"start":{"line":285,"column":0},"end":{"line":285,"column":16}}},"fnMap":{"0":{"name":"(anonymous_0)","decl":{"start":{"line":1,"column":24},"end":{"line":1,"column":25}},"loc":{"start":{"line":1,"column":36},"end":{"line":93,"column":1}}},"1":{"name":"(anonymous_1)","decl":{"start":{"line":95,"column":28},"end":{"line":95,"column":29}},"loc":{"start":{"line":95,"column":42},"end":{"line":98,"column":1}}},"2":{"name":"(anonymous_2)","decl":{"start":{"line":100,"column":28},"end":{"line":100,"column":29}},"loc":{"start":{"line":100,"column":42},"end":{"line":108,"column":1}}},"3":{"name":"(anonymous_3)","decl":{"start":{"line":110,"column":0},"end":{"line":110,"column":13}},"loc":{"start":{"line":110,"column":0},"end":{"line":116,"column":null}}},"4":{"name":"InvalidBlurhashError","decl":{"start":{"line":111,"column":2},"end":{"line":111,"column":14}},"loc":{"start":{"line":111,"column":29},"end":{"line":115,"column":3}}},"5":{"name":"(anonymous_5)","decl":{"start":{"line":118,"column":25},"end":{"line":118,"column":26}},"loc":{"start":{"line":118,"column":42},"end":{"line":135,"column":1}}},"6":{"name":"(anonymous_6)","decl":{"start":{"line":137,"column":17},"end":{"line":137,"column":18}},"loc":{"start":{"line":137,"column":31},"end":{"line":142,"column":1}}},"7":{"name":"(anonymous_7)","decl":{"start":{"line":144,"column":17},"end":{"line":144,"column":18}},"loc":{"start":{"line":144,"column":53},"end":{"line":160,"column":1}}},"8":{"name":"(anonymous_8)","decl":{"start":{"line":151,"column":22},"end":{"line":151,"column":23}},"loc":{"start":{"line":151,"column":36},"end":{"line":155,"column":3}}},"9":{"name":"(anonymous_9)","decl":{"start":{"line":162,"column":30},"end":{"line":162,"column":null}},"loc":{"start":{"line":166,"column":19},"end":{"line":220,"column":1}}},"10":{"name":"(anonymous_10)","decl":{"start":{"line":175,"column":53},"end":{"line":175,"column":54}},"loc":{"start":{"line":175,"column":58},"end":{"line":176,"column":5}}},"11":{"name":"(anonymous_11)","decl":{"start":{"line":187,"column":45},"end":{"line":187,"column":46}},"loc":{"start":{"line":187,"column":50},"end":{"line":188,"column":9}}},"12":{"name":"(anonymous_12)","decl":{"start":{"line":188,"column":33},"end":{"line":188,"column":34}},"loc":{"start":{"line":188,"column":39},"end":{"line":188,"column":48}}},"13":{"name":"(anonymous_13)","decl":{"start":{"line":190,"column":46},"end":{"line":190,"column":47}},"loc":{"start":{"line":190,"column":51},"end":{"line":191,"column":9}}},"14":{"name":"(anonymous_14)","decl":{"start":{"line":191,"column":33},"end":{"line":191,"column":34}},"loc":{"start":{"line":191,"column":39},"end":{"line":192,"column":10}}},"15":{"name":"pixelsToCssGradients","decl":{"start":{"line":222,"column":16},"end":{"line":222,"column":36}},"loc":{"start":{"line":225,"column":14},"end":{"line":258,"column":1}}},"16":{"name":"blurhashToGradient","decl":{"start":{"line":285,"column":16},"end":{"line":285,"column":34}},"loc":{"start":{"line":288,"column":10},"end":{"line":293,"column":1}}}},"branchMap":{"0":{"loc":{"start":{"line":97,"column":9},"end":{"line":97,"column":65}},"type":"cond-expr","locations":[{"start":{"line":97,"column":24},"end":{"line":97,"column":33}},{"start":{"line":97,"column":36},"end":{"line":97,"column":65}}]},"1":{"loc":{"start":{"line":106,"column":5},"end":{"line":106,"column":60}},"type":"cond-expr","locations":[{"start":{"line":106,"column":22},"end":{"line":106,"column":31}},{"start":{"line":106,"column":34},"end":{"line":106,"column":60}}]},"2":{"loc":{"start":{"line":112,"column":4},"end":{"line":112,"column":null}},"type":"binary-expr","locations":[{"start":{"line":112,"column":4},"end":{"line":112,"column":18}},{"start":{"line":112,"column":18},"end":{"line":112,"column":null}}]},"3":{"loc":{"start":{"line":119,"column":2},"end":{"line":123,"column":null}},"type":"if","locations":[{"start":{"line":119,"column":2},"end":{"line":123,"column":null}}]},"4":{"loc":{"start":{"line":119,"column":6},"end":{"line":119,"column":38}},"type":"binary-expr","locations":[{"start":{"line":119,"column":6},"end":{"line":119,"column":15}},{"start":{"line":119,"column":19},"end":{"line":119,"column":38}}]},"5":{"loc":{"start":{"line":128,"column":2},"end":{"line":134,"column":null}},"type":"if","locations":[{"start":{"line":128,"column":2},"end":{"line":134,"column":null}}]},"6":{"loc":{"start":{"line":152,"column":17},"end":{"line":152,"column":39}},"type":"cond-expr","locations":[{"start":{"line":152,"column":33},"end":{"line":152,"column":35}},{"start":{"line":152,"column":38},"end":{"line":152,"column":39}}]},"7":{"loc":{"start":{"line":166,"column":2},"end":{"line":166,"column":null}},"type":"if","locations":[{"start":{"line":166,"column":2},"end":{"line":166,"column":null}}]},"8":{"loc":{"start":{"line":176,"column":4},"end":{"line":180,"column":null}},"type":"cond-expr","locations":[{"start":{"line":177,"column":8},"end":{"line":177,"column":52}},{"start":{"line":178,"column":8},"end":{"line":180,"column":null}}]},"9":{"loc":{"start":{"line":236,"column":6},"end":{"line":236,"column":65}},"type":"cond-expr","locations":[{"start":{"line":236,"column":18},"end":{"line":236,"column":19}},{"start":{"line":236,"column":22},"end":{"line":236,"column":65}}]},"10":{"loc":{"start":{"line":238,"column":6},"end":{"line":238,"column":65}},"type":"cond-expr","locations":[{"start":{"line":238,"column":18},"end":{"line":238,"column":19}},{"start":{"line":238,"column":22},"end":{"line":238,"column":65}}]},"11":{"loc":{"start":{"line":287,"column":2},"end":{"line":287,"column":null}},"type":"if","locations":[{"start":{"line":287,"column":2},"end":{"line":287,"column":null}}]},"12":{"loc":{"start":{"line":288,"column":2},"end":{"line":288,"column":null}},"type":"if","locations":[{"start":{"line":288,"column":2},"end":{"line":288,"column":null}}]}},"s":{"0":1,"1":186,"2":186,"3":186,"4":350,"5":186,"6":1,"7":1,"8":30,"9":30,"10":1,"11":1,"12":459,"13":459,"14":459,"15":459,"16":459,"17":1,"18":1,"19":1,"20":1,"21":1,"22":1,"23":1,"24":1,"25":1,"26":11,"27":0,"28":11,"29":11,"30":11,"31":1,"32":1,"33":10,"34":10,"35":10,"36":10,"37":1,"38":134,"39":134,"40":134,"41":134,"42":134,"43":402,"44":402,"45":402,"46":134,"47":134,"48":1,"49":20,"50":10,"51":10,"52":10,"53":10,"54":10,"55":10,"56":144,"57":10,"58":10,"59":10,"60":40,"61":160,"62":10,"63":35,"64":129,"65":10,"66":10,"67":35,"68":35,"69":153,"70":153,"71":153,"72":153,"73":153,"74":567,"75":567,"76":2268,"77":2268,"78":2268,"79":2268,"80":2268,"81":153,"82":153,"83":153,"84":153,"85":153,"86":10,"87":1,"88":10,"89":10,"90":10,"91":10,"92":10,"93":10,"94":153,"95":153,"96":153,"97":153,"98":153,"99":153,"100":153,"101":153,"102":153,"103":10,"104":1,"105":11,"106":11,"107":11,"108":10,"109":10,"110":1},"f":{"0":186,"1":30,"2":459,"3":1,"4":1,"5":11,"6":10,"7":134,"8":402,"9":10,"10":144,"11":40,"12":160,"13":35,"14":129,"15":10,"16":11},"b":{"0":[1,29],"1":[24,435],"2":[1,0],"3":[0],"4":[11,11],"5":[1],"6":[188,214],"7":[10],"8":[10,134],"9":[35,118],"10":[40,113],"11":[0],"12":[0]}}
}
