TN:
SF:src/index.ts
FN:1,(anonymous_0)
FN:95,(anonymous_1)
FN:100,(anonymous_2)
FN:110,(anonymous_3)
FN:111,InvalidBlurhashError
FN:118,(anonymous_5)
FN:137,(anonymous_6)
FN:144,(anonymous_7)
FN:151,(anonymous_8)
FN:162,(anonymous_9)
FN:175,(anonymous_10)
FN:187,(anonymous_11)
FN:188,(anonymous_12)
FN:190,(anonymous_13)
FN:191,(anonymous_14)
FN:222,pixelsToCssGradients
FN:285,blurhashToGradient
FNF:17
FNH:17
FNDA:186,(anonymous_0)
FNDA:30,(anonymous_1)
FNDA:459,(anonymous_2)
FNDA:1,(anonymous_3)
FNDA:1,InvalidBlurhashError
FNDA:11,(anonymous_5)
FNDA:10,(anonymous_6)
FNDA:134,(anonymous_7)
FNDA:402,(anonymous_8)
FNDA:10,(anonymous_9)
FNDA:144,(anonymous_10)
FNDA:40,(anonymous_11)
FNDA:160,(anonymous_12)
FNDA:35,(anonymous_13)
FNDA:129,(anonymous_14)
FNDA:10,pixelsToCssGradients
FNDA:11,blurhashToGradient
DA:1,1
DA:2,186
DA:3,186
DA:4,350
DA:92,186
DA:95,1
DA:96,30
DA:97,30
DA:100,1
DA:101,459
DA:102,459
DA:103,459
DA:104,459
DA:105,459
DA:110,1
DA:112,1
DA:113,1
DA:114,1
DA:116,1
DA:118,1
DA:119,11
DA:120,0
DA:125,11
DA:126,11
DA:128,11
DA:129,1
DA:137,1
DA:138,10
DA:139,10
DA:140,10
DA:141,10
DA:144,1
DA:145,134
DA:146,134
DA:147,134
DA:148,134
DA:151,134
DA:152,402
DA:153,402
DA:154,402
DA:157,134
DA:159,134
DA:162,1
DA:166,20
DA:168,10
DA:169,10
DA:170,10
DA:172,10
DA:173,10
DA:175,10
DA:176,144
DA:184,10
DA:185,10
DA:187,10
DA:188,160
DA:190,10
DA:191,35
DA:192,129
DA:196,10
DA:197,35
DA:198,153
DA:199,153
DA:200,153
DA:202,153
DA:203,567
DA:204,2268
DA:205,2268
DA:206,2268
DA:207,2268
DA:208,2268
DA:212,153
DA:213,153
DA:214,153
DA:215,153
DA:216,153
DA:219,10
DA:222,1
DA:227,10
DA:228,10
DA:229,10
DA:231,10
DA:232,153
DA:233,153
DA:236,153
DA:238,153
DA:240,153
DA:241,153
DA:242,153
DA:245,153
DA:254,153
DA:257,10
DA:285,1
DA:287,11
DA:288,11
DA:290,11
DA:291,10
DA:292,10
LF:97
LH:96
BRDA:97,0,0,1
BRDA:97,0,1,29
BRDA:106,1,0,24
BRDA:106,1,1,435
BRDA:112,2,0,1
BRDA:112,2,1,0
BRDA:119,3,0,0
BRDA:119,4,0,11
BRDA:119,4,1,11
BRDA:128,5,0,1
BRDA:152,6,0,188
BRDA:152,6,1,214
BRDA:166,7,0,10
BRDA:176,8,0,10
BRDA:176,8,1,134
BRDA:236,9,0,35
BRDA:236,9,1,118
BRDA:238,10,0,40
BRDA:238,10,1,113
BRDA:287,11,0,0
BRDA:288,12,0,0
BRF:21
BRH:17
end_of_record
